[31mfailed to load config from D:\E\stuff\music\vite.config.js[39m
[31merror when starting dev server:
Error: Build failed with 1 error:

[plugin externalize-deps]
Error: spawn EPERM
    at ChildProcess.spawn (node:internal/child_process:441:11)
    at spawn (node:child_process:796:9)
    at Object.execFile (node:child_process:349:17)
    at exec (node:child_process:236:25)
    at optimizeSafeRealPathSync (file:///D:/E/stuff/music/node_modules/vite/dist/node/chunks/node.js:1951:2)
    at windowsSafeRealPathSync (file:///D:/E/stuff/music/node_modules/vite/dist/node/chunks/node.js:1937:3)
    at getRealPath (file:///D:/E/stuff/music/node_modules/vite/dist/node/chunks/node.js:32434:36)
    at tryResolveRealFileOrType (file:///D:/E/stuff/music/node_modules/vite/dist/node/chunks/node.js:32428:9)
    at tryCleanFsResolve (file:///D:/E/stuff/music/node_modules/vite/dist/node/chunks/node.js:32172:21)
    at tryFsResolve (file:///D:/E/stuff/music/node_modules/vite/dist/node/chunks/node.js:32165:14)
    at aggregateBindingErrorsIntoJsError (file:///D:/E/stuff/music/node_modules/rolldown/dist/shared/error-DAA7ncC5.mjs:48:18)
    at unwrapBindingResult (file:///D:/E/stuff/music/node_modules/rolldown/dist/shared/error-DAA7ncC5.mjs:18:128)
    at #build (file:///D:/E/stuff/music/node_modules/rolldown/dist/shared/rolldown-build-BPKCFYpX.mjs:3317:34)
    at async bundleConfigFile (file:///D:/E/stuff/music/node_modules/vite/dist/node/chunks/node.js:34694:17)
    at async bundleAndLoadConfigFile (file:///D:/E/stuff/music/node_modules/vite/dist/node/chunks/node.js:34602:18)
    at async loadConfigFromFile (file:///D:/E/stuff/music/node_modules/vite/dist/node/chunks/node.js:34571:42)
    at async resolveConfig (file:///D:/E/stuff/music/node_modules/vite/dist/node/chunks/node.js:34195:22)
    at async _createServer (file:///D:/E/stuff/music/node_modules/vite/dist/node/chunks/node.js:26006:65)
    at async CAC.<anonymous> (file:///D:/E/stuff/music/node_modules/vite/dist/node/cli.js:709:18) {
  errors: [Getter/Setter]
}[39m
